#
# There is insufficient memory for the Java Runtime Environment to continue.
# Native memory allocation (malloc) failed to allocate 32744 bytes for ChunkPool::allocate
# Possible reasons:
#   The system is out of physical RAM or swap space
#   The process is running with CompressedOops enabled, and the Java Heap may be blocking the growth of the native heap
# Possible solutions:
#   Reduce memory load on the system
#   Increase physical memory or swap space
#   Check if swap backing store is full
#   Decrease Java heap size (-Xmx/-Xms)
#   Decrease number of Java threads
#   Decrease Java thread stack sizes (-Xss)
#   Set larger code cache with -XX:ReservedCodeCacheSize=
#   JVM is running with Zero Based Compressed Oops mode in which the Java heap is
#     placed in the first 32GB address space. The Java Heap base address is the
#     maximum limit for the native heap growth. Please use -XX:HeapBaseMinAddress
#     to set the Java Heap base and to place the Java Heap above 32GB virtual address.
# This output file may be truncated or incomplete.
#
#  Out of Memory Error (t:/workspace/open/src/hotspot/share/memory/arena.cpp:81), pid=19336, tid=31796
#
# JRE version: Java(TM) SE Runtime Environment (11.0.2+9) (build 11.0.2+9-LTS)
# Java VM: Java HotSpot(TM) 64-Bit Server VM (11.0.2+9-LTS, mixed mode, tiered, compressed oops, g1 gc, windows-amd64)
# No core dump will be written. Minidumps are not enabled by default on client versions of Windows
#

---------------  S U M M A R Y ------------

Command Line: -Dfile.encoding=Cp1252 engine.Game

Host: AMD Ryzen 7 1700X Eight-Core Processor         , 16 cores, 31G,  Windows 10 , 64 bit Build 18362 (10.0.18362.778)
Time: Thu Apr 16 16:42:45 2020 Egypt Standard Time elapsed time: 5086 seconds (0d 1h 24m 46s)

---------------  T H R E A D  ---------------

Current thread (0x000002357e06d800):  JavaThread "C2 CompilerThread0" daemon [_thread_in_native, id=31796, stack(0x0000007eadf00000,0x0000007eae000000)]


Current CompileTask:
C2:5086301  835 % !   4       sun.java2d.d3d.D3DScreenUpdateManager::run @ 0 (267 bytes)

Stack: [0x0000007eadf00000,0x0000007eae000000]
Native frames: (J=compiled Java code, j=interpreted, Vv=VM code, C=native code)
V  [jvm.dll+0x63574a]
V  [jvm.dll+0x77326f]
V  [jvm.dll+0x77491a]
V  [jvm.dll+0x774fd3]
V  [jvm.dll+0x25e418]
V  [jvm.dll+0xc237b]
V  [jvm.dll+0xc26dc]
V  [jvm.dll+0xc2230]
V  [jvm.dll+0x662eff]
V  [jvm.dll+0x667405]
V  [jvm.dll+0x1a971d]
V  [jvm.dll+0x218352]
V  [jvm.dll+0x2173ea]
V  [jvm.dll+0x194200]
V  [jvm.dll+0x2263af]
V  [jvm.dll+0x2249b8]
V  [jvm.dll+0x738a9d]
V  [jvm.dll+0x6347f2]
C  [ucrtbase.dll+0x20e72]
C  [KERNEL32.DLL+0x17bd4]
C  [ntdll.dll+0x6ce51]


---------------  P R O C E S S  ---------------

Threads class SMR info:
_java_thread_list=0x000002357e1ce5e0, length=15, elements={
0x000002357dfda800, 0x000002357e006800, 0x000002357e06a800, 0x000002357e06b800,
0x000002357e06d800, 0x000002357e020800, 0x000002357e021800, 0x000002357e1ef000,
0x000002357e1f9800, 0x000002357e745000, 0x000002357e962800, 0x000002357e6ef800,
0x000002350cb5b800, 0x00000235579c4800, 0x000002350c4e2800
}

Java Threads: ( => current thread )
  0x000002357dfda800 JavaThread "Reference Handler" daemon [_thread_blocked, id=31780, stack(0x0000007eadb00000,0x0000007eadc00000)]
  0x000002357e006800 JavaThread "Finalizer" daemon [_thread_blocked, id=31784, stack(0x0000007eadc00000,0x0000007eadd00000)]
  0x000002357e06a800 JavaThread "Signal Dispatcher" daemon [_thread_blocked, id=31788, stack(0x0000007eadd00000,0x0000007eade00000)]
  0x000002357e06b800 JavaThread "Attach Listener" daemon [_thread_blocked, id=31792, stack(0x0000007eade00000,0x0000007eadf00000)]
=>0x000002357e06d800 JavaThread "C2 CompilerThread0" daemon [_thread_in_native, id=31796, stack(0x0000007eadf00000,0x0000007eae000000)]
  0x000002357e020800 JavaThread "C1 CompilerThread0" daemon [_thread_blocked, id=31800, stack(0x0000007eae000000,0x0000007eae100000)]
  0x000002357e021800 JavaThread "Sweeper thread" daemon [_thread_blocked, id=31804, stack(0x0000007eae100000,0x0000007eae200000)]
  0x000002357e1ef000 JavaThread "Service Thread" daemon [_thread_blocked, id=31812, stack(0x0000007eae200000,0x0000007eae300000)]
  0x000002357e1f9800 JavaThread "Common-Cleaner" daemon [_thread_blocked, id=31820, stack(0x0000007eae400000,0x0000007eae500000)]
  0x000002357e745000 JavaThread "Java2D Disposer" daemon [_thread_blocked, id=32144, stack(0x0000007eae800000,0x0000007eae900000)]
  0x000002357e962800 JavaThread "AWT-Shutdown" [_thread_blocked, id=32148, stack(0x0000007eae900000,0x0000007eaea00000)]
  0x000002357e6ef800 JavaThread "AWT-Windows" daemon [_thread_in_native, id=32152, stack(0x0000007eaea00000,0x0000007eaeb00000)]
  0x000002350cb5b800 JavaThread "AWT-EventQueue-0" [_thread_blocked, id=32400, stack(0x0000007eaee80000,0x0000007eaef80000)]
  0x00000235579c4800 JavaThread "DestroyJavaVM" [_thread_blocked, id=30976, stack(0x0000007ead400000,0x0000007ead500000)]
  0x000002350c4e2800 JavaThread "D3D Screen Updater" daemon [_thread_blocked, id=32408, stack(0x0000007eaef80000,0x0000007eaf080000)]

Other Threads:
  0x000002357dfd9800 VMThread "VM Thread" [stack: 0x0000007eada00000,0x0000007eadb00000] [id=31776]
  0x000002357e1f6000 WatcherThread [stack: 0x0000007eae300000,0x0000007eae400000] [id=31816]
  0x00000235579dc000 GCTaskThread "GC Thread#0" [stack: 0x0000007ead500000,0x0000007ead600000] [id=31756]
  0x0000023557a5d000 ConcurrentGCThread "G1 Main Marker" [stack: 0x0000007ead600000,0x0000007ead700000] [id=31760]
  0x0000023557a5e800 ConcurrentGCThread "G1 Conc#0" [stack: 0x0000007ead700000,0x0000007ead800000] [id=31764]
  0x000002357d638800 ConcurrentGCThread "G1 Refine#0" [stack: 0x0000007ead800000,0x0000007ead900000] [id=31768]
  0x000002357d639800 ConcurrentGCThread "G1 Young RemSet Sampling" [stack: 0x0000007ead900000,0x0000007eada00000] [id=31772]

Threads with active compile tasks:
C2 CompilerThread0 835 % !   4       sun.java2d.d3d.D3DScreenUpdateManager::run @ 0 (267 bytes)

VM state:not at safepoint (normal execution)

VM Mutex/Monitor currently owned by a thread: None

Heap address: 0x0000000600c00000, size: 8180 MB, Compressed Oops mode: Zero based, Oop shift amount: 3
Narrow klass base: 0x0000000800000000, Narrow klass shift: 0
Compressed class space size: 1073741824 Address: 0x0000000800000000

Heap:
 garbage-first heap   total 524288K, used 12288K [0x0000000600c00000, 0x0000000800000000)
  region size 2048K, 7 young (14336K), 0 survivors (0K)
 Metaspace       used 12662K, capacity 13037K, committed 13312K, reserved 1060864K
  class space    used 1315K, capacity 1508K, committed 1536K, reserved 1048576K
Heap Regions: E=young(eden), S=young(survivor), O=old, HS=humongous(starts), HC=humongous(continues), CS=collection set, F=free, A=archive, TAMS=top-at-mark-start (previous, next)
|   0|0x0000000600c00000, 0x0000000600c00000, 0x0000000600e00000|  0%| F|  |TAMS 0x0000000600c00000, 0x0000000600c00000| Untracked 
|   1|0x0000000600e00000, 0x0000000600e00000, 0x0000000601000000|  0%| F|  |TAMS 0x0000000600e00000, 0x0000000600e00000| Untracked 
|   2|0x0000000601000000, 0x0000000601000000, 0x0000000601200000|  0%| F|  |TAMS 0x0000000601000000, 0x0000000601000000| Untracked 
|   3|0x0000000601200000, 0x0000000601200000, 0x0000000601400000|  0%| F|  |TAMS 0x0000000601200000, 0x0000000601200000| Untracked 
|   4|0x0000000601400000, 0x0000000601400000, 0x0000000601600000|  0%| F|  |TAMS 0x0000000601400000, 0x0000000601400000| Untracked 
|   5|0x0000000601600000, 0x0000000601600000, 0x0000000601800000|  0%| F|  |TAMS 0x0000000601600000, 0x0000000601600000| Untracked 
|   6|0x0000000601800000, 0x0000000601800000, 0x0000000601a00000|  0%| F|  |TAMS 0x0000000601800000, 0x0000000601800000| Untracked 
|   7|0x0000000601a00000, 0x0000000601a00000, 0x0000000601c00000|  0%| F|  |TAMS 0x0000000601a00000, 0x0000000601a00000| Untracked 
|   8|0x0000000601c00000, 0x0000000601c00000, 0x0000000601e00000|  0%| F|  |TAMS 0x0000000601c00000, 0x0000000601c00000| Untracked 
|   9|0x0000000601e00000, 0x0000000601e00000, 0x0000000602000000|  0%| F|  |TAMS 0x0000000601e00000, 0x0000000601e00000| Untracked 
|  10|0x0000000602000000, 0x0000000602000000, 0x0000000602200000|  0%| F|  |TAMS 0x0000000602000000, 0x0000000602000000| Untracked 
|  11|0x0000000602200000, 0x0000000602200000, 0x0000000602400000|  0%| F|  |TAMS 0x0000000602200000, 0x0000000602200000| Untracked 
|  12|0x0000000602400000, 0x0000000602400000, 0x0000000602600000|  0%| F|  |TAMS 0x0000000602400000, 0x0000000602400000| Untracked 
|  13|0x0000000602600000, 0x0000000602600000, 0x0000000602800000|  0%| F|  |TAMS 0x0000000602600000, 0x0000000602600000| Untracked 
|  14|0x0000000602800000, 0x0000000602800000, 0x0000000602a00000|  0%| F|  |TAMS 0x0000000602800000, 0x0000000602800000| Untracked 
|  15|0x0000000602a00000, 0x0000000602a00000, 0x0000000602c00000|  0%| F|  |TAMS 0x0000000602a00000, 0x0000000602a00000| Untracked 
|  16|0x0000000602c00000, 0x0000000602c00000, 0x0000000602e00000|  0%| F|  |TAMS 0x0000000602c00000, 0x0000000602c00000| Untracked 
|  17|0x0000000602e00000, 0x0000000602e00000, 0x0000000603000000|  0%| F|  |TAMS 0x0000000602e00000, 0x0000000602e00000| Untracked 
|  18|0x0000000603000000, 0x0000000603000000, 0x0000000603200000|  0%| F|  |TAMS 0x0000000603000000, 0x0000000603000000| Untracked 
|  19|0x0000000603200000, 0x0000000603200000, 0x0000000603400000|  0%| F|  |TAMS 0x0000000603200000, 0x0000000603200000| Untracked 
|  20|0x0000000603400000, 0x0000000603400000, 0x0000000603600000|  0%| F|  |TAMS 0x0000000603400000, 0x0000000603400000| Untracked 
|  21|0x0000000603600000, 0x0000000603600000, 0x0000000603800000|  0%| F|  |TAMS 0x0000000603600000, 0x0000000603600000| Untracked 
|  22|0x0000000603800000, 0x0000000603800000, 0x0000000603a00000|  0%| F|  |TAMS 0x0000000603800000, 0x0000000603800000| Untracked 
|  23|0x0000000603a00000, 0x0000000603a00000, 0x0000000603c00000|  0%| F|  |TAMS 0x0000000603a00000, 0x0000000603a00000| Untracked 
|  24|0x0000000603c00000, 0x0000000603c00000, 0x0000000603e00000|  0%| F|  |TAMS 0x0000000603c00000, 0x0000000603c00000| Untracked 
|  25|0x0000000603e00000, 0x0000000603e00000, 0x0000000604000000|  0%| F|  |TAMS 0x0000000603e00000, 0x0000000603e00000| Untracked 
|  26|0x0000000604000000, 0x0000000604000000, 0x0000000604200000|  0%| F|  |TAMS 0x0000000604000000, 0x0000000604000000| Untracked 
|  27|0x0000000604200000, 0x0000000604200000, 0x0000000604400000|  0%| F|  |TAMS 0x0000000604200000, 0x0000000604200000| Untracked 
|  28|0x0000000604400000, 0x0000000604400000, 0x0000000604600000|  0%| F|  |TAMS 0x0000000604400000, 0x0000000604400000| Untracked 
|  29|0x0000000604600000, 0x0000000604600000, 0x0000000604800000|  0%| F|  |TAMS 0x0000000604600000, 0x0000000604600000| Untracked 
|  30|0x0000000604800000, 0x0000000604800000, 0x0000000604a00000|  0%| F|  |TAMS 0x0000000604800000, 0x0000000604800000| Untracked 
|  31|0x0000000604a00000, 0x0000000604a00000, 0x0000000604c00000|  0%| F|  |TAMS 0x0000000604a00000, 0x0000000604a00000| Untracked 
|  32|0x0000000604c00000, 0x0000000604c00000, 0x0000000604e00000|  0%| F|  |TAMS 0x0000000604c00000, 0x0000000604c00000| Untracked 
|  33|0x0000000604e00000, 0x0000000604e00000, 0x0000000605000000|  0%| F|  |TAMS 0x0000000604e00000, 0x0000000604e00000| Untracked 
|  34|0x0000000605000000, 0x0000000605000000, 0x0000000605200000|  0%| F|  |TAMS 0x0000000605000000, 0x0000000605000000| Untracked 
|  35|0x0000000605200000, 0x0000000605200000, 0x0000000605400000|  0%| F|  |TAMS 0x0000000605200000, 0x0000000605200000| Untracked 
|  36|0x0000000605400000, 0x0000000605400000, 0x0000000605600000|  0%| F|  |TAMS 0x0000000605400000, 0x0000000605400000| Untracked 
|  37|0x0000000605600000, 0x0000000605600000, 0x0000000605800000|  0%| F|  |TAMS 0x0000000605600000, 0x0000000605600000| Untracked 
|  38|0x0000000605800000, 0x0000000605800000, 0x0000000605a00000|  0%| F|  |TAMS 0x0000000605800000, 0x0000000605800000| Untracked 
|  39|0x0000000605a00000, 0x0000000605a00000, 0x0000000605c00000|  0%| F|  |TAMS 0x0000000605a00000, 0x0000000605a00000| Untracked 
|  40|0x0000000605c00000, 0x0000000605c00000, 0x0000000605e00000|  0%| F|  |TAMS 0x0000000605c00000, 0x0000000605c00000| Untracked 
|  41|0x0000000605e00000, 0x0000000605e00000, 0x0000000606000000|  0%| F|  |TAMS 0x0000000605e00000, 0x0000000605e00000| Untracked 
|  42|0x0000000606000000, 0x0000000606000000, 0x0000000606200000|  0%| F|  |TAMS 0x0000000606000000, 0x0000000606000000| Untracked 
|  43|0x0000000606200000, 0x0000000606200000, 0x0000000606400000|  0%| F|  |TAMS 0x0000000606200000, 0x0000000606200000| Untracked 
|  44|0x0000000606400000, 0x0000000606400000, 0x0000000606600000|  0%| F|  |TAMS 0x0000000606400000, 0x0000000606400000| Untracked 
|  45|0x0000000606600000, 0x0000000606600000, 0x0000000606800000|  0%| F|  |TAMS 0x0000000606600000, 0x0000000606600000| Untracked 
|  46|0x0000000606800000, 0x0000000606800000, 0x0000000606a00000|  0%| F|  |TAMS 0x0000000606800000, 0x0000000606800000| Untracked 
|  47|0x0000000606a00000, 0x0000000606a00000, 0x0000000606c00000|  0%| F|  |TAMS 0x0000000606a00000, 0x0000000606a00000| Untracked 
|  48|0x0000000606c00000, 0x0000000606c00000, 0x0000000606e00000|  0%| F|  |TAMS 0x0000000606c00000, 0x0000000606c00000| Untracked 
|  49|0x0000000606e00000, 0x0000000606e00000, 0x0000000607000000|  0%| F|  |TAMS 0x0000000606e00000, 0x0000000606e00000| Untracked 
|  50|0x0000000607000000, 0x0000000607000000, 0x0000000607200000|  0%| F|  |TAMS 0x0000000607000000, 0x0000000607000000| Untracked 
|  51|0x0000000607200000, 0x0000000607200000, 0x0000000607400000|  0%| F|  |TAMS 0x0000000607200000, 0x0000000607200000| Untracked 
|  52|0x0000000607400000, 0x0000000607400000, 0x0000000607600000|  0%| F|  |TAMS 0x0000000607400000, 0x0000000607400000| Untracked 
|  53|0x0000000607600000, 0x0000000607600000, 0x0000000607800000|  0%| F|  |TAMS 0x0000000607600000, 0x0000000607600000| Untracked 
|  54|0x0000000607800000, 0x0000000607800000, 0x0000000607a00000|  0%| F|  |TAMS 0x0000000607800000, 0x0000000607800000| Untracked 
|  55|0x0000000607a00000, 0x0000000607a00000, 0x0000000607c00000|  0%| F|  |TAMS 0x0000000607a00000, 0x0000000607a00000| Untracked 
|  56|0x0000000607c00000, 0x0000000607c00000, 0x0000000607e00000|  0%| F|  |TAMS 0x0000000607c00000, 0x0000000607c00000| Untracked 
|  57|0x0000000607e00000, 0x0000000607e00000, 0x0000000608000000|  0%| F|  |TAMS 0x0000000607e00000, 0x0000000607e00000| Untracked 
|  58|0x0000000608000000, 0x0000000608000000, 0x0000000608200000|  0%| F|  |TAMS 0x0000000608000000, 0x0000000608000000| Untracked 
|  59|0x0000000608200000, 0x0000000608200000, 0x0000000608400000|  0%| F|  |TAMS 0x0000000608200000, 0x0000000608200000| Untracked 
|  60|0x0000000608400000, 0x0000000608400000, 0x0000000608600000|  0%| F|  |TAMS 0x0000000608400000, 0x0000000608400000| Untracked 
|  61|0x0000000608600000, 0x0000000608600000, 0x0000000608800000|  0%| F|  |TAMS 0x0000000608600000, 0x0000000608600000| Untracked 
|  62|0x0000000608800000, 0x0000000608800000, 0x0000000608a00000|  0%| F|  |TAMS 0x0000000608800000, 0x0000000608800000| Untracked 
|  63|0x0000000608a00000, 0x0000000608a00000, 0x0000000608c00000|  0%| F|  |TAMS 0x0000000608a00000, 0x0000000608a00000| Untracked 
|  64|0x0000000608c00000, 0x0000000608c00000, 0x0000000608e00000|  0%| F|  |TAMS 0x0000000608c00000, 0x0000000608c00000| Untracked 
|  65|0x0000000608e00000, 0x0000000608e00000, 0x0000000609000000|  0%| F|  |TAMS 0x0000000608e00000, 0x0000000608e00000| Untracked 
|  66|0x0000000609000000, 0x0000000609000000, 0x0000000609200000|  0%| F|  |TAMS 0x0000000609000000, 0x0000000609000000| Untracked 
|  67|0x0000000609200000, 0x0000000609200000, 0x0000000609400000|  0%| F|  |TAMS 0x0000000609200000, 0x0000000609200000| Untracked 
|  68|0x0000000609400000, 0x0000000609400000, 0x0000000609600000|  0%| F|  |TAMS 0x0000000609400000, 0x0000000609400000| Untracked 
|  69|0x0000000609600000, 0x0000000609600000, 0x0000000609800000|  0%| F|  |TAMS 0x0000000609600000, 0x0000000609600000| Untracked 
|  70|0x0000000609800000, 0x0000000609800000, 0x0000000609a00000|  0%| F|  |TAMS 0x0000000609800000, 0x0000000609800000| Untracked 
|  71|0x0000000609a00000, 0x0000000609a00000, 0x0000000609c00000|  0%| F|  |TAMS 0x0000000609a00000, 0x0000000609a00000| Untracked 
|  72|0x0000000609c00000, 0x0000000609c00000, 0x0000000609e00000|  0%| F|  |TAMS 0x0000000609c00000, 0x0000000609c00000| Untracked 
|  73|0x0000000609e00000, 0x0000000609e00000, 0x000000060a000000|  0%| F|  |TAMS 0x0000000609e00000, 0x0000000609e00000| Untracked 
|  74|0x000000060a000000, 0x000000060a000000, 0x000000060a200000|  0%| F|  |TAMS 0x000000060a000000, 0x000000060a000000| Untracked 
|  75|0x000000060a200000, 0x000000060a200000, 0x000000060a400000|  0%| F|  |TAMS 0x000000060a200000, 0x000000060a200000| Untracked 
|  76|0x000000060a400000, 0x000000060a400000, 0x000000060a600000|  0%| F|  |TAMS 0x000000060a400000, 0x000000060a400000| Untracked 
|  77|0x000000060a600000, 0x000000060a600000, 0x000000060a800000|  0%| F|  |TAMS 0x000000060a600000, 0x000000060a600000| Untracked 
|  78|0x000000060a800000, 0x000000060a800000, 0x000000060aa00000|  0%| F|  |TAMS 0x000000060a800000, 0x000000060a800000| Untracked 
|  79|0x000000060aa00000, 0x000000060aa00000, 0x000000060ac00000|  0%| F|  |TAMS 0x000000060aa00000, 0x000000060aa00000| Untracked 
|  80|0x000000060ac00000, 0x000000060ac00000, 0x000000060ae00000|  0%| F|  |TAMS 0x000000060ac00000, 0x000000060ac00000| Untracked 
|  81|0x000000060ae00000, 0x000000060ae00000, 0x000000060b000000|  0%| F|  |TAMS 0x000000060ae00000, 0x000000060ae00000| Untracked 
|  82|0x000000060b000000, 0x000000060b000000, 0x000000060b200000|  0%| F|  |TAMS 0x000000060b000000, 0x000000060b000000| Untracked 
|  83|0x000000060b200000, 0x000000060b200000, 0x000000060b400000|  0%| F|  |TAMS 0x000000060b200000, 0x000000060b200000| Untracked 
|  84|0x000000060b400000, 0x000000060b400000, 0x000000060b600000|  0%| F|  |TAMS 0x000000060b400000, 0x000000060b400000| Untracked 
|  85|0x000000060b600000, 0x000000060b600000, 0x000000060b800000|  0%| F|  |TAMS 0x000000060b600000, 0x000000060b600000| Untracked 
|  86|0x000000060b800000, 0x000000060b800000, 0x000000060ba00000|  0%| F|  |TAMS 0x000000060b800000, 0x000000060b800000| Untracked 
|  87|0x000000060ba00000, 0x000000060ba00000, 0x000000060bc00000|  0%| F|  |TAMS 0x000000060ba00000, 0x000000060ba00000| Untracked 
|  88|0x000000060bc00000, 0x000000060bc00000, 0x000000060be00000|  0%| F|  |TAMS 0x000000060bc00000, 0x000000060bc00000| Untracked 
|  89|0x000000060be00000, 0x000000060be00000, 0x000000060c000000|  0%| F|  |TAMS 0x000000060be00000, 0x000000060be00000| Untracked 
|  90|0x000000060c000000, 0x000000060c000000, 0x000000060c200000|  0%| F|  |TAMS 0x000000060c000000, 0x000000060c000000| Untracked 
|  91|0x000000060c200000, 0x000000060c200000, 0x000000060c400000|  0%| F|  |TAMS 0x000000060c200000, 0x000000060c200000| Untracked 
|  92|0x000000060c400000, 0x000000060c400000, 0x000000060c600000|  0%| F|  |TAMS 0x000000060c400000, 0x000000060c400000| Untracked 
|  93|0x000000060c600000, 0x000000060c600000, 0x000000060c800000|  0%| F|  |TAMS 0x000000060c600000, 0x000000060c600000| Untracked 
|  94|0x000000060c800000, 0x000000060c800000, 0x000000060ca00000|  0%| F|  |TAMS 0x000000060c800000, 0x000000060c800000| Untracked 
|  95|0x000000060ca00000, 0x000000060ca00000, 0x000000060cc00000|  0%| F|  |TAMS 0x000000060ca00000, 0x000000060ca00000| Untracked 
|  96|0x000000060cc00000, 0x000000060cc00000, 0x000000060ce00000|  0%| F|  |TAMS 0x000000060cc00000, 0x000000060cc00000| Untracked 
|  97|0x000000060ce00000, 0x000000060ce00000, 0x000000060d000000|  0%| F|  |TAMS 0x000000060ce00000, 0x000000060ce00000| Untracked 
|  98|0x000000060d000000, 0x000000060d000000, 0x000000060d200000|  0%| F|  |TAMS 0x000000060d000000, 0x000000060d000000| Untracked 
|  99|0x000000060d200000, 0x000000060d200000, 0x000000060d400000|  0%| F|  |TAMS 0x000000060d200000, 0x000000060d200000| Untracked 
| 100|0x000000060d400000, 0x000000060d400000, 0x000000060d600000|  0%| F|  |TAMS 0x000000060d400000, 0x000000060d400000| Untracked 
| 101|0x000000060d600000, 0x000000060d600000, 0x000000060d800000|  0%| F|  |TAMS 0x000000060d600000, 0x000000060d600000| Untracked 
| 102|0x000000060d800000, 0x000000060d800000, 0x000000060da00000|  0%| F|  |TAMS 0x000000060d800000, 0x000000060d800000| Untracked 
| 103|0x000000060da00000, 0x000000060da00000, 0x000000060dc00000|  0%| F|  |TAMS 0x000000060da00000, 0x000000060da00000| Untracked 
| 104|0x000000060dc00000, 0x000000060dc00000, 0x000000060de00000|  0%| F|  |TAMS 0x000000060dc00000, 0x000000060dc00000| Untracked 
| 105|0x000000060de00000, 0x000000060de00000, 0x000000060e000000|  0%| F|  |TAMS 0x000000060de00000, 0x000000060de00000| Untracked 
| 106|0x000000060e000000, 0x000000060e000000, 0x000000060e200000|  0%| F|  |TAMS 0x000000060e000000, 0x000000060e000000| Untracked 
| 107|0x000000060e200000, 0x000000060e200000, 0x000000060e400000|  0%| F|  |TAMS 0x000000060e200000, 0x000000060e200000| Untracked 
| 108|0x000000060e400000, 0x000000060e400000, 0x000000060e600000|  0%| F|  |TAMS 0x000000060e400000, 0x000000060e400000| Untracked 
| 109|0x000000060e600000, 0x000000060e600000, 0x000000060e800000|  0%| F|  |TAMS 0x000000060e600000, 0x000000060e600000| Untracked 
| 110|0x000000060e800000, 0x000000060e800000, 0x000000060ea00000|  0%| F|  |TAMS 0x000000060e800000, 0x000000060e800000| Untracked 
| 111|0x000000060ea00000, 0x000000060ea00000, 0x000000060ec00000|  0%| F|  |TAMS 0x000000060ea00000, 0x000000060ea00000| Untracked 
| 112|0x000000060ec00000, 0x000000060ec00000, 0x000000060ee00000|  0%| F|  |TAMS 0x000000060ec00000, 0x000000060ec00000| Untracked 
| 113|0x000000060ee00000, 0x000000060ee00000, 0x000000060f000000|  0%| F|  |TAMS 0x000000060ee00000, 0x000000060ee00000| Untracked 
| 114|0x000000060f000000, 0x000000060f000000, 0x000000060f200000|  0%| F|  |TAMS 0x000000060f000000, 0x000000060f000000| Untracked 
| 115|0x000000060f200000, 0x000000060f200000, 0x000000060f400000|  0%| F|  |TAMS 0x000000060f200000, 0x000000060f200000| Untracked 
| 116|0x000000060f400000, 0x000000060f400000, 0x000000060f600000|  0%| F|  |TAMS 0x000000060f400000, 0x000000060f400000| Untracked 
| 117|0x000000060f600000, 0x000000060f600000, 0x000000060f800000|  0%| F|  |TAMS 0x000000060f600000, 0x000000060f600000| Untracked 
| 118|0x000000060f800000, 0x000000060f800000, 0x000000060fa00000|  0%| F|  |TAMS 0x000000060f800000, 0x000000060f800000| Untracked 
| 119|0x000000060fa00000, 0x000000060fa00000, 0x000000060fc00000|  0%| F|  |TAMS 0x000000060fa00000, 0x000000060fa00000| Untracked 
| 120|0x000000060fc00000, 0x000000060fc00000, 0x000000060fe00000|  0%| F|  |TAMS 0x000000060fc00000, 0x000000060fc00000| Untracked 
| 121|0x000000060fe00000, 0x000000060fe00000, 0x0000000610000000|  0%| F|  |TAMS 0x000000060fe00000, 0x000000060fe00000| Untracked 
| 122|0x0000000610000000, 0x0000000610000000, 0x0000000610200000|  0%| F|  |TAMS 0x0000000610000000, 0x0000000610000000| Untracked 
| 123|0x0000000610200000, 0x0000000610200000, 0x0000000610400000|  0%| F|  |TAMS 0x0000000610200000, 0x0000000610200000| Untracked 
| 124|0x0000000610400000, 0x0000000610400000, 0x0000000610600000|  0%| F|  |TAMS 0x0000000610400000, 0x0000000610400000| Untracked 
| 125|0x0000000610600000, 0x0000000610600000, 0x0000000610800000|  0%| F|  |TAMS 0x0000000610600000, 0x0000000610600000| Untracked 
| 126|0x0000000610800000, 0x0000000610800000, 0x0000000610a00000|  0%| F|  |TAMS 0x0000000610800000, 0x0000000610800000| Untracked 
| 127|0x0000000610a00000, 0x0000000610a00000, 0x0000000610c00000|  0%| F|  |TAMS 0x0000000610a00000, 0x0000000610a00000| Untracked 
| 128|0x0000000610c00000, 0x0000000610c00000, 0x0000000610e00000|  0%| F|  |TAMS 0x0000000610c00000, 0x0000000610c00000| Untracked 
| 129|0x0000000610e00000, 0x0000000610e00000, 0x0000000611000000|  0%| F|  |TAMS 0x0000000610e00000, 0x0000000610e00000| Untracked 
| 130|0x0000000611000000, 0x0000000611000000, 0x0000000611200000|  0%| F|  |TAMS 0x0000000611000000, 0x0000000611000000| Untracked 
| 131|0x0000000611200000, 0x0000000611200000, 0x0000000611400000|  0%| F|  |TAMS 0x0000000611200000, 0x0000000611200000| Untracked 
| 132|0x0000000611400000, 0x0000000611400000, 0x0000000611600000|  0%| F|  |TAMS 0x0000000611400000, 0x0000000611400000| Untracked 
| 133|0x0000000611600000, 0x0000000611600000, 0x0000000611800000|  0%| F|  |TAMS 0x0000000611600000, 0x0000000611600000| Untracked 
| 134|0x0000000611800000, 0x0000000611800000, 0x0000000611a00000|  0%| F|  |TAMS 0x0000000611800000, 0x0000000611800000| Untracked 
| 135|0x0000000611a00000, 0x0000000611a00000, 0x0000000611c00000|  0%| F|  |TAMS 0x0000000611a00000, 0x0000000611a00000| Untracked 
| 136|0x0000000611c00000, 0x0000000611c00000, 0x0000000611e00000|  0%| F|  |TAMS 0x0000000611c00000, 0x0000000611c00000| Untracked 
| 137|0x0000000611e00000, 0x0000000611e00000, 0x0000000612000000|  0%| F|  |TAMS 0x0000000611e00000, 0x0000000611e00000| Untracked 
| 138|0x0000000612000000, 0x0000000612000000, 0x0000000612200000|  0%| F|  |TAMS 0x0000000612000000, 0x0000000612000000| Untracked 
| 139|0x0000000612200000, 0x0000000612200000, 0x0000000612400000|  0%| F|  |TAMS 0x0000000612200000, 0x0000000612200000| Untracked 
| 140|0x0000000612400000, 0x0000000612400000, 0x0000000612600000|  0%| F|  |TAMS 0x0000000612400000, 0x0000000612400000| Untracked 
| 141|0x0000000612600000, 0x0000000612600000, 0x0000000612800000|  0%| F|  |TAMS 0x0000000612600000, 0x0000000612600000| Untracked 
| 142|0x0000000612800000, 0x0000000612800000, 0x0000000612a00000|  0%| F|  |TAMS 0x0000000612800000, 0x0000000612800000| Untracked 
| 143|0x0000000612a00000, 0x0000000612a00000, 0x0000000612c00000|  0%| F|  |TAMS 0x0000000612a00000, 0x0000000612a00000| Untracked 
| 144|0x0000000612c00000, 0x0000000612c00000, 0x0000000612e00000|  0%| F|  |TAMS 0x0000000612c00000, 0x0000000612c00000| Untracked 
| 145|0x0000000612e00000, 0x0000000612e00000, 0x0000000613000000|  0%| F|  |TAMS 0x0000000612e00000, 0x0000000612e00000| Untracked 
| 146|0x0000000613000000, 0x0000000613000000, 0x0000000613200000|  0%| F|  |TAMS 0x0000000613000000, 0x0000000613000000| Untracked 
| 147|0x0000000613200000, 0x0000000613200000, 0x0000000613400000|  0%| F|  |TAMS 0x0000000613200000, 0x0000000613200000| Untracked 
| 148|0x0000000613400000, 0x0000000613400000, 0x0000000613600000|  0%| F|  |TAMS 0x0000000613400000, 0x0000000613400000| Untracked 
| 149|0x0000000613600000, 0x0000000613600000, 0x0000000613800000|  0%| F|  |TAMS 0x0000000613600000, 0x0000000613600000| Untracked 
| 150|0x0000000613800000, 0x0000000613800000, 0x0000000613a00000|  0%| F|  |TAMS 0x0000000613800000, 0x0000000613800000| Untracked 
| 151|0x0000000613a00000, 0x0000000613a00000, 0x0000000613c00000|  0%| F|  |TAMS 0x0000000613a00000, 0x0000000613a00000| Untracked 
| 152|0x0000000613c00000, 0x0000000613c00000, 0x0000000613e00000|  0%| F|  |TAMS 0x0000000613c00000, 0x0000000613c00000| Untracked 
| 153|0x0000000613e00000, 0x0000000613e00000, 0x0000000614000000|  0%| F|  |TAMS 0x0000000613e00000, 0x0000000613e00000| Untracked 
| 154|0x0000000614000000, 0x0000000614000000, 0x0000000614200000|  0%| F|  |TAMS 0x0000000614000000, 0x0000000614000000| Untracked 
| 155|0x0000000614200000, 0x0000000614200000, 0x0000000614400000|  0%| F|  |TAMS 0x0000000614200000, 0x0000000614200000| Untracked 
| 156|0x0000000614400000, 0x0000000614400000, 0x0000000614600000|  0%| F|  |TAMS 0x0000000614400000, 0x0000000614400000| Untracked 
| 157|0x0000000614600000, 0x0000000614600000, 0x0000000614800000|  0%| F|  |TAMS 0x0000000614600000, 0x0000000614600000| Untracked 
| 158|0x0000000614800000, 0x0000000614800000, 0x0000000614a00000|  0%| F|  |TAMS 0x0000000614800000, 0x0000000614800000| Untracked 
| 159|0x0000000614a00000, 0x0000000614a00000, 0x0000000614c00000|  0%| F|  |TAMS 0x0000000614a00000, 0x0000000614a00000| Untracked 
| 160|0x0000000614c00000, 0x0000000614c00000, 0x0000000614e00000|  0%| F|  |TAMS 0x0000000614c00000, 0x0000000614c00000| Untracked 
| 161|0x0000000614e00000, 0x0000000614e00000, 0x0000000615000000|  0%| F|  |TAMS 0x0000000614e00000, 0x0000000614e00000| Untracked 
| 162|0x0000000615000000, 0x0000000615000000, 0x0000000615200000|  0%| F|  |TAMS 0x0000000615000000, 0x0000000615000000| Untracked 
| 163|0x0000000615200000, 0x0000000615200000, 0x0000000615400000|  0%| F|  |TAMS 0x0000000615200000, 0x0000000615200000| Untracked 
| 164|0x0000000615400000, 0x0000000615400000, 0x0000000615600000|  0%| F|  |TAMS 0x0000000615400000, 0x0000000615400000| Untracked 
| 165|0x0000000615600000, 0x0000000615600000, 0x0000000615800000|  0%| F|  |TAMS 0x0000000615600000, 0x0000000615600000| Untracked 
| 166|0x0000000615800000, 0x0000000615800000, 0x0000000615a00000|  0%| F|  |TAMS 0x0000000615800000, 0x0000000615800000| Untracked 
| 167|0x0000000615a00000, 0x0000000615a00000, 0x0000000615c00000|  0%| F|  |TAMS 0x0000000615a00000, 0x0000000615a00000| Untracked 
| 168|0x0000000615c00000, 0x0000000615c00000, 0x0000000615e00000|  0%| F|  |TAMS 0x0000000615c00000, 0x0000000615c00000| Untracked 
| 169|0x0000000615e00000, 0x0000000615e00000, 0x0000000616000000|  0%| F|  |TAMS 0x0000000615e00000, 0x0000000615e00000| Untracked 
| 170|0x0000000616000000, 0x0000000616000000, 0x0000000616200000|  0%| F|  |TAMS 0x0000000616000000, 0x0000000616000000| Untracked 
| 171|0x0000000616200000, 0x0000000616200000, 0x0000000616400000|  0%| F|  |TAMS 0x0000000616200000, 0x0000000616200000| Untracked 
| 172|0x0000000616400000, 0x0000000616400000, 0x0000000616600000|  0%| F|  |TAMS 0x0000000616400000, 0x0000000616400000| Untracked 
| 173|0x0000000616600000, 0x0000000616600000, 0x0000000616800000|  0%| F|  |TAMS 0x0000000616600000, 0x0000000616600000| Untracked 
| 174|0x0000000616800000, 0x0000000616800000, 0x0000000616a00000|  0%| F|  |TAMS 0x0000000616800000, 0x0000000616800000| Untracked 
| 175|0x0000000616a00000, 0x0000000616a00000, 0x0000000616c00000|  0%| F|  |TAMS 0x0000000616a00000, 0x0000000616a00000| Untracked 
| 176|0x0000000616c00000, 0x0000000616c00000, 0x0000000616e00000|  0%| F|  |TAMS 0x0000000616c00000, 0x0000000616c00000| Untracked 
| 177|0x0000000616e00000, 0x0000000616e00000, 0x0000000617000000|  0%| F|  |TAMS 0x0000000616e00000, 0x0000000616e00000| Untracked 
| 178|0x0000000617000000, 0x0000000617000000, 0x0000000617200000|  0%| F|  |TAMS 0x0000000617000000, 0x0000000617000000| Untracked 
| 179|0x0000000617200000, 0x0000000617200000, 0x0000000617400000|  0%| F|  |TAMS 0x0000000617200000, 0x0000000617200000| Untracked 
| 180|0x0000000617400000, 0x0000000617400000, 0x0000000617600000|  0%| F|  |TAMS 0x0000000617400000, 0x0000000617400000| Untracked 
| 181|0x0000000617600000, 0x0000000617600000, 0x0000000617800000|  0%| F|  |TAMS 0x0000000617600000, 0x0000000617600000| Untracked 
| 182|0x0000000617800000, 0x0000000617800000, 0x0000000617a00000|  0%| F|  |TAMS 0x0000000617800000, 0x0000000617800000| Untracked 
| 183|0x0000000617a00000, 0x0000000617a00000, 0x0000000617c00000|  0%| F|  |TAMS 0x0000000617a00000, 0x0000000617a00000| Untracked 
| 184|0x0000000617c00000, 0x0000000617c00000, 0x0000000617e00000|  0%| F|  |TAMS 0x0000000617c00000, 0x0000000617c00000| Untracked 
| 185|0x0000000617e00000, 0x0000000617e00000, 0x0000000618000000|  0%| F|  |TAMS 0x0000000617e00000, 0x0000000617e00000| Untracked 
| 186|0x0000000618000000, 0x0000000618000000, 0x0000000618200000|  0%| F|  |TAMS 0x0000000618000000, 0x0000000618000000| Untracked 
| 187|0x0000000618200000, 0x0000000618200000, 0x0000000618400000|  0%| F|  |TAMS 0x0000000618200000, 0x0000000618200000| Untracked 
| 188|0x0000000618400000, 0x0000000618400000, 0x0000000618600000|  0%| F|  |TAMS 0x0000000618400000, 0x0000000618400000| Untracked 
| 189|0x0000000618600000, 0x0000000618600000, 0x0000000618800000|  0%| F|  |TAMS 0x0000000618600000, 0x0000000618600000| Untracked 
| 190|0x0000000618800000, 0x0000000618800000, 0x0000000618a00000|  0%| F|  |TAMS 0x0000000618800000, 0x0000000618800000| Untracked 
| 191|0x0000000618a00000, 0x0000000618a00000, 0x0000000618c00000|  0%| F|  |TAMS 0x0000000618a00000, 0x0000000618a00000| Untracked 
| 192|0x0000000618c00000, 0x0000000618c00000, 0x0000000618e00000|  0%| F|  |TAMS 0x0000000618c00000, 0x0000000618c00000| Untracked 
| 193|0x0000000618e00000, 0x0000000618e00000, 0x0000000619000000|  0%| F|  |TAMS 0x0000000618e00000, 0x0000000618e00000| Untracked 
| 194|0x0000000619000000, 0x0000000619000000, 0x0000000619200000|  0%| F|  |TAMS 0x0000000619000000, 0x0000000619000000| Untracked 
| 195|0x0000000619200000, 0x0000000619200000, 0x0000000619400000|  0%| F|  |TAMS 0x0000000619200000, 0x0000000619200000| Untracked 
| 196|0x0000000619400000, 0x0000000619400000, 0x0000000619600000|  0%| F|  |TAMS 0x0000000619400000, 0x0000000619400000| Untracked 
| 197|0x0000000619600000, 0x0000000619600000, 0x0000000619800000|  0%| F|  |TAMS 0x0000000619600000, 0x0000000619600000| Untracked 
| 198|0x0000000619800000, 0x0000000619800000, 0x0000000619a00000|  0%| F|  |TAMS 0x0000000619800000, 0x0000000619800000| Untracked 
| 199|0x0000000619a00000, 0x0000000619a00000, 0x0000000619c00000|  0%| F|  |TAMS 0x0000000619a00000, 0x0000000619a00000| Untracked 
| 200|0x0000000619c00000, 0x0000000619c00000, 0x0000000619e00000|  0%| F|  |TAMS 0x0000000619c00000, 0x0000000619c00000| Untracked 
| 201|0x0000000619e00000, 0x0000000619e00000, 0x000000061a000000|  0%| F|  |TAMS 0x0000000619e00000, 0x0000000619e00000| Untracked 
| 202|0x000000061a000000, 0x000000061a000000, 0x000000061a200000|  0%| F|  |TAMS 0x000000061a000000, 0x000000061a000000| Untracked 
| 203|0x000000061a200000, 0x000000061a200000, 0x000000061a400000|  0%| F|  |TAMS 0x000000061a200000, 0x000000061a200000| Untracked 
| 204|0x000000061a400000, 0x000000061a400000, 0x000000061a600000|  0%| F|  |TAMS 0x000000061a400000, 0x000000061a400000| Untracked 
| 205|0x000000061a600000, 0x000000061a600000, 0x000000061a800000|  0%| F|  |TAMS 0x000000061a600000, 0x000000061a600000| Untracked 
| 206|0x000000061a800000, 0x000000061a800000, 0x000000061aa00000|  0%| F|  |TAMS 0x000000061a800000, 0x000000061a800000| Untracked 
| 207|0x000000061aa00000, 0x000000061aa00000, 0x000000061ac00000|  0%| F|  |TAMS 0x000000061aa00000, 0x000000061aa00000| Untracked 
| 208|0x000000061ac00000, 0x000000061ac00000, 0x000000061ae00000|  0%| F|  |TAMS 0x000000061ac00000, 0x000000061ac00000| Untracked 
| 209|0x000000061ae00000, 0x000000061ae00000, 0x000000061b000000|  0%| F|  |TAMS 0x000000061ae00000, 0x000000061ae00000| Untracked 
| 210|0x000000061b000000, 0x000000061b000000, 0x000000061b200000|  0%| F|  |TAMS 0x000000061b000000, 0x000000061b000000| Untracked 
| 211|0x000000061b200000, 0x000000061b200000, 0x000000061b400000|  0%| F|  |TAMS 0x000000061b200000, 0x000000061b200000| Untracked 
| 212|0x000000061b400000, 0x000000061b400000, 0x000000061b600000|  0%| F|  |TAMS 0x000000061b400000, 0x000000061b400000| Untracked 
| 213|0x000000061b600000, 0x000000061b600000, 0x000000061b800000|  0%| F|  |TAMS 0x000000061b600000, 0x000000061b600000| Untracked 
| 214|0x000000061b800000, 0x000000061b800000, 0x000000061ba00000|  0%| F|  |TAMS 0x000000061b800000, 0x000000061b800000| Untracked 
| 215|0x000000061ba00000, 0x000000061ba00000, 0x000000061bc00000|  0%| F|  |TAMS 0x000000061ba00000, 0x000000061ba00000| Untracked 
| 216|0x000000061bc00000, 0x000000061bc00000, 0x000000061be00000|  0%| F|  |TAMS 0x000000061bc00000, 0x000000061bc00000| Untracked 
| 217|0x000000061be00000, 0x000000061be00000, 0x000000061c000000|  0%| F|  |TAMS 0x000000061be00000, 0x000000061be00000| Untracked 
| 218|0x000000061c000000, 0x000000061c000000, 0x000000061c200000|  0%| F|  |TAMS 0x000000061c000000, 0x000000061c000000| Untracked 
| 219|0x000000061c200000, 0x000000061c200000, 0x000000061c400000|  0%| F|  |TAMS 0x000000061c200000, 0x000000061c200000| Untracked 
| 220|0x000000061c400000, 0x000000061c400000, 0x000000061c600000|  0%| F|  |TAMS 0x000000061c400000, 0x000000061c400000| Untracked 
| 221|0x000000061c600000, 0x000000061c600000, 0x000000061c800000|  0%| F|  |TAMS 0x000000061c600000, 0x000000061c600000| Untracked 
| 222|0x000000061c800000, 0x000000061c800000, 0x000000061ca00000|  0%| F|  |TAMS 0x000000061c800000, 0x000000061c800000| Untracked 
| 223|0x000000061ca00000, 0x000000061ca00000, 0x000000061cc00000|  0%| F|  |TAMS 0x000000061ca00000, 0x000000061ca00000| Untracked 
| 224|0x000000061cc00000, 0x000000061cc00000, 0x000000061ce00000|  0%| F|  |TAMS 0x000000061cc00000, 0x000000061cc00000| Untracked 
| 225|0x000000061ce00000, 0x000000061ce00000, 0x000000061d000000|  0%| F|  |TAMS 0x000000061ce00000, 0x000000061ce00000| Untracked 
| 226|0x000000061d000000, 0x000000061d000000, 0x000000061d200000|  0%| F|  |TAMS 0x000000061d000000, 0x000000061d000000| Untracked 
| 227|0x000000061d200000, 0x000000061d200000, 0x000000061d400000|  0%| F|  |TAMS 0x000000061d200000, 0x000000061d200000| Untracked 
| 228|0x000000061d400000, 0x000000061d400000, 0x000000061d600000|  0%| F|  |TAMS 0x000000061d400000, 0x000000061d400000| Untracked 
| 229|0x000000061d600000, 0x000000061d600000, 0x000000061d800000|  0%| F|  |TAMS 0x000000061d600000, 0x000000061d600000| Untracked 
| 230|0x000000061d800000, 0x000000061d800000, 0x000000061da00000|  0%| F|  |TAMS 0x000000061d800000, 0x000000061d800000| Untracked 
| 231|0x000000061da00000, 0x000000061da00000, 0x000000061dc00000|  0%| F|  |TAMS 0x000000061da00000, 0x000000061da00000| Untracked 
| 232|0x000000061dc00000, 0x000000061dc00000, 0x000000061de00000|  0%| F|  |TAMS 0x000000061dc00000, 0x000000061dc00000| Untracked 
| 233|0x000000061de00000, 0x000000061de00000, 0x000000061e000000|  0%| F|  |TAMS 0x000000061de00000, 0x000000061de00000| Untracked 
| 234|0x000000061e000000, 0x000000061e000000, 0x000000061e200000|  0%| F|  |TAMS 0x000000061e000000, 0x000000061e000000| Untracked 
| 235|0x000000061e200000, 0x000000061e200000, 0x000000061e400000|  0%| F|  |TAMS 0x000000061e200000, 0x000000061e200000| Untracked 
| 236|0x000000061e400000, 0x000000061e400000, 0x000000061e600000|  0%| F|  |TAMS 0x000000061e400000, 0x000000061e400000| Untracked 
| 237|0x000000061e600000, 0x000000061e600000, 0x000000061e800000|  0%| F|  |TAMS 0x000000061e600000, 0x000000061e600000| Untracked 
| 238|0x000000061e800000, 0x000000061e800000, 0x000000061ea00000|  0%| F|  |TAMS 0x000000061e800000, 0x000000061e800000| Untracked 
| 239|0x000000061ea00000, 0x000000061ea00000, 0x000000061ec00000|  0%| F|  |TAMS 0x000000061ea00000, 0x000000061ea00000| Untracked 
| 240|0x000000061ec00000, 0x000000061ec00000, 0x000000061ee00000|  0%| F|  |TAMS 0x000000061ec00000, 0x000000061ec00000| Untracked 
| 241|0x000000061ee00000, 0x000000061ee00000, 0x000000061f000000|  0%| F|  |TAMS 0x000000061ee00000, 0x000000061ee00000| Untracked 
| 242|0x000000061f000000, 0x000000061f000000, 0x000000061f200000|  0%| F|  |TAMS 0x000000061f000000, 0x000000061f000000| Untracked 
| 243|0x000000061f200000, 0x000000061f200000, 0x000000061f400000|  0%| F|  |TAMS 0x000000061f200000, 0x000000061f200000| Untracked 
| 244|0x000000061f400000, 0x000000061f400000, 0x000000061f600000|  0%| F|  |TAMS 0x000000061f400000, 0x000000061f400000| Untracked 
| 245|0x000000061f600000, 0x000000061f600000, 0x000000061f800000|  0%| F|  |TAMS 0x000000061f600000, 0x000000061f600000| Untracked 
| 246|0x000000061f800000, 0x000000061f800000, 0x000000061fa00000|  0%| F|  |TAMS 0x000000061f800000, 0x000000061f800000| Untracked 
| 247|0x000000061fa00000, 0x000000061fa00000, 0x000000061fc00000|  0%| F|  |TAMS 0x000000061fa00000, 0x000000061fa00000| Untracked 
| 248|0x000000061fc00000, 0x000000061fc00000, 0x000000061fe00000|  0%| F|  |TAMS 0x000000061fc00000, 0x000000061fc00000| Untracked 
| 249|0x000000061fe00000, 0x000000061fef6448, 0x0000000620000000| 48%| E|  |TAMS 0x000000061fe00000, 0x000000061fe00000| Complete 
| 250|0x0000000620000000, 0x0000000620200000, 0x0000000620200000|100%| E|CS|TAMS 0x0000000620000000, 0x0000000620000000| Complete 
| 251|0x0000000620200000, 0x0000000620400000, 0x0000000620400000|100%| E|CS|TAMS 0x0000000620200000, 0x0000000620200000| Complete 
| 252|0x0000000620400000, 0x0000000620600000, 0x0000000620600000|100%| E|CS|TAMS 0x0000000620400000, 0x0000000620400000| Complete 
| 253|0x0000000620600000, 0x0000000620800000, 0x0000000620800000|100%| E|CS|TAMS 0x0000000620600000, 0x0000000620600000| Complete 
| 254|0x0000000620800000, 0x0000000620a00000, 0x0000000620a00000|100%| E|CS|TAMS 0x0000000620800000, 0x0000000620800000| Complete 
| 255|0x0000000620a00000, 0x0000000620c00000, 0x0000000620c00000|100%| E|CS|TAMS 0x0000000620a00000, 0x0000000620a00000| Complete 

Card table byte_map: [0x0000023570580000,0x0000023571580000] _byte_map_base: 0x000002356d57a000

Marking Bits (Prev, Next): (CMBitMap*) 0x0000023557a4c3b8, (CMBitMap*) 0x0000023557a4c3f0
 Prev Bits: [0x0000023572580000, 0x000002357a550000)
 Next Bits: [0x0000023500000000, 0x0000023507fd0000)

Polling page: 0x0000023555960000

Metaspace:

Usage:
  Non-class:     11.26 MB capacity,    11.08 MB ( 98%) used,   144.59 KB (  1%) free+waste,    38.06 KB ( <1%) overhead. 
      Class:      1.47 MB capacity,     1.28 MB ( 87%) used,   170.88 KB ( 11%) free+waste,    21.38 KB (  1%) overhead. 
       Both:     12.73 MB capacity,    12.37 MB ( 97%) used,   315.47 KB (  2%) free+waste,    59.44 KB ( <1%) overhead. 

Virtual space:
  Non-class space:       12.00 MB reserved,      11.50 MB ( 96%) committed 
      Class space:        1.00 GB reserved,       1.50 MB ( <1%) committed 
             Both:        1.01 GB reserved,      13.00 MB (  1%) committed 

Chunk freelists:
   Non-Class:  6.88 KB
       Class:  3.50 KB
        Both:  10.38 KB

CodeHeap 'non-profiled nmethods': size=119168Kb used=277Kb max_used=277Kb free=118890Kb
 bounds [0x0000023567890000, 0x0000023567b00000, 0x000002356ecf0000]
CodeHeap 'profiled nmethods': size=119168Kb used=1435Kb max_used=1435Kb free=117732Kb
 bounds [0x0000023560430000, 0x00000235606a0000, 0x0000023567890000]
CodeHeap 'non-nmethods': size=7424Kb used=1179Kb max_used=2882Kb free=6244Kb
 bounds [0x000002355fcf0000, 0x000002355ffd0000, 0x0000023560430000]
 total_blobs=1508 nmethods=834 adapters=434
 compilation: enabled
              stopped_count=0, restarted_count=0
 full_count=0

Compilation events (10 events):
Event: 537.692 Thread 0x000002357e06d800 nmethod 830 0x00000235678d4990 code [0x00000235678d4b20, 0x00000235678d4f78]
Event: 539.490 Thread 0x000002357e06d800  831       4       sun.java2d.d3d.D3DSurfaceData$D3DWindowSurfaceData::isDirty (18 bytes)
Event: 539.491 Thread 0x000002357e06d800 nmethod 831 0x00000235678d5110 code [0x00000235678d52a0, 0x00000235678d5378]
Event: 3031.785 Thread 0x000002357e020800  832 % !   3       sun.java2d.d3d.D3DScreenUpdateManager::run @ 0 (267 bytes)
Event: 3031.788 Thread 0x000002357e020800 nmethod 832% 0x000002356058fa10 code [0x000002356058fe40, 0x0000023560592620]
Event: 3083.182 Thread 0x000002357e020800  833   !   3       sun.java2d.d3d.D3DScreenUpdateManager::run (267 bytes)
Event: 3083.183 Thread 0x000002357e020800 nmethod 833 0x0000023560593510 code [0x0000023560593920, 0x0000023560596080]
Event: 3185.940 Thread 0x000002357e06d800  834       4       sun.java2d.StateTrackableDelegate$1::isCurrent (17 bytes)
Event: 3185.941 Thread 0x000002357e06d800 nmethod 834 0x00000235678d5490 code [0x00000235678d5620, 0x00000235678d56b8]
Event: 5086.287 Thread 0x000002357e06d800  835 % !   4       sun.java2d.d3d.D3DScreenUpdateManager::run @ 0 (267 bytes)

GC Heap History (0 events):
No events

Deoptimization events (4 events):
Event: 0.073 Thread 0x00000235579c4800 Uncommon trap: reason=unstable_if action=reinterpret pc=0x0000023567895764 method=java.lang.String.hashCode()I @ 14 c2
Event: 0.530 Thread 0x00000235579c4800 Uncommon trap: reason=unstable_if action=reinterpret pc=0x00000235678bb52c method=java.lang.StringLatin1.replace([BCC)Ljava/lang/String; @ 19 c2
Event: 141.372 Thread 0x000002350c4e2800 Uncommon trap: reason=intrinsic_or_type_checked_inlining action=make_not_entrant pc=0x00000235678d3670 method=java.util.Arrays.copyOf([Ljava/lang/Object;ILjava/lang/Class;)[Ljava/lang/Object; @ 35 c2
Event: 524.867 Thread 0x000002350c4e2800 Uncommon trap: reason=class_check action=make_not_entrant pc=0x00000235678d4634 method=java.util.ArrayList.toArray([Ljava/lang/Object;)[Ljava/lang/Object; @ 21 c2

Classes redefined (0 events):
No events

Internal exceptions (10 events):
Event: 0.445 Thread 0x00000235579c4800 Exception <a 'java/lang/NoSuchMethodError'{0x00000006204e1d10}: java.lang.invoke.DirectMethodHandle$Holder.invokeStatic(Ljava/lang/Object;ILjava/lang/Object;Ljava/lang/Object;Ljava/lang/Object;Ljava/lang/Object;)Ljava/lang/Object;> (0x00000006204e1d10) th
Event: 0.446 Thread 0x00000235579c4800 Exception <a 'java/lang/NoSuchMethodError'{0x00000006204e8dd0}: java.lang.invoke.DirectMethodHandle$Holder.invokeStatic(Ljava/lang/Object;ILjava/lang/Object;Ljava/lang/Object;Ljava/lang/Object;)Ljava/lang/Object;> (0x00000006204e8dd0) thrown at [t:/worksp
Event: 0.446 Thread 0x00000235579c4800 Exception <a 'java/lang/NoSuchMethodError'{0x00000006204ec910}: java.lang.invoke.DirectMethodHandle$Holder.invokeSpecial(Ljava/lang/Object;Ljava/lang/Object;ILjava/lang/Object;Ljava/lang/Object;Ljava/lang/Object;)Ljava/lang/Object;> (0x00000006204ec910) t
Event: 0.463 Thread 0x00000235579c4800 Exception <a 'java/lang/ClassNotFoundException'{0x00000006205b3770}: com/sun/swing/internal/plaf/metal/resources/spi/metalProvider> (0x00000006205b3770) thrown at [t:/workspace/open/src/hotspot/share/classfile/systemDictionary.cpp, line 231]
Event: 0.463 Thread 0x00000235579c4800 Exception <a 'java/lang/ClassNotFoundException'{0x00000006205b7ea8}: com/sun/swing/internal/plaf/basic/resources/spi/basicProvider> (0x00000006205b7ea8) thrown at [t:/workspace/open/src/hotspot/share/classfile/systemDictionary.cpp, line 231]
Event: 0.497 Thread 0x00000235579c4800 Exception <a 'java/lang/NoSuchMethodError'{0x000000062029a5d8}: java.lang.invoke.DirectMethodHandle$Holder.invokeStaticInit(Ljava/lang/Object;)V> (0x000000062029a5d8) thrown at [t:/workspace/open/src/hotspot/share/interpreter/linkResolver.cpp, line 772]
Event: 0.523 Thread 0x00000235579c4800 Exception <a 'java/lang/NoSuchMethodError'{0x00000006203dac58}: java.lang.invoke.DirectMethodHandle$Holder.invokeStatic(Ljava/lang/Object;Ljava/lang/Object;Ljava/lang/Object;Ljava/lang/Object;Ljava/lang/Object;Ljava/lang/Object;Ljava/lang/Object;Ljava/lan
Event: 0.524 Thread 0x00000235579c4800 Exception <a 'java/lang/NoSuchMethodError'{0x00000006203f9590}: java.lang.invoke.DirectMethodHandle$Holder.invokeStatic(Ljava/lang/Object;Ljava/lang/Object;Ljava/lang/Object;Ljava/lang/Object;Ljava/lang/Object;Ljava/lang/Object;Ljava/lang/Object;Ljava/lan
Event: 0.525 Thread 0x00000235579c4800 Exception <a 'java/lang/NoSuchMethodError'{0x00000006200189c8}: java.lang.invoke.DirectMethodHandle$Holder.invokeStatic(Ljava/lang/Object;Ljava/lang/Object;Ljava/lang/Object;Ljava/lang/Object;Ljava/lang/Object;Ljava/lang/Object;Ljava/lang/Object;Ljava/lan
Event: 0.526 Thread 0x00000235579c4800 Exception <a 'java/lang/NoSuchMethodError'{0x0000000620024978}: java.lang.invoke.Invokers$Holder.linkToTargetMethod(Ljava/lang/Object;ILjava/lang/Object;)Ljava/lang/Object;> (0x0000000620024978) thrown at [t:/workspace/open/src/hotspot/share/interpreter/l

Events (10 events):
Event: 9.824 Executing VM operation: RevokeBias
Event: 9.824 Executing VM operation: RevokeBias done
Event: 9.833 loading class java/awt/KeyboardFocusManager$2
Event: 9.833 loading class java/awt/KeyboardFocusManager$2 done
Event: 141.372 Thread 0x000002350c4e2800 Uncommon trap: trap_request=0xffffffcc fr.pc=0x00000235678d3670 relative=0x0000000000000330
Event: 141.372 Thread 0x000002350c4e2800 DEOPT PACKING pc=0x00000235678d3670 sp=0x0000007eaf07f310
Event: 141.372 Thread 0x000002350c4e2800 DEOPT UNPACKING pc=0x000002355fd191af sp=0x0000007eaf07f2a0 mode 2
Event: 524.867 Thread 0x000002350c4e2800 Uncommon trap: trap_request=0xffffffdc fr.pc=0x00000235678d4634 relative=0x0000000000000194
Event: 524.867 Thread 0x000002350c4e2800 DEOPT PACKING pc=0x00000235678d4634 sp=0x0000007eaf07f370
Event: 524.867 Thread 0x000002350c4e2800 DEOPT UNPACKING pc=0x000002355fd191af sp=0x0000007eaf07f330 mode 2


Dynamic libraries:
0x00007ff7c51f0000 - 0x00007ff7c5237000 	C:\Program Files\Java\jdk-11.0.2\bin\javaw.exe
0x00007ffb726c0000 - 0x00007ffb728b0000 	C:\WINDOWS\SYSTEM32\ntdll.dll
0x00007ffb71f10000 - 0x00007ffb71fc2000 	C:\WINDOWS\System32\KERNEL32.DLL
0x00007ffb70490000 - 0x00007ffb70733000 	C:\WINDOWS\System32\KERNELBASE.dll
0x00007ffb70a60000 - 0x00007ffb70b03000 	C:\WINDOWS\System32\ADVAPI32.dll
0x00007ffb71ff0000 - 0x00007ffb7208e000 	C:\WINDOWS\System32\msvcrt.dll
0x00007ffb713e0000 - 0x00007ffb71477000 	C:\WINDOWS\System32\sechost.dll
0x00007ffb71190000 - 0x00007ffb712b0000 	C:\WINDOWS\System32\RPCRT4.dll
0x00007ffb71520000 - 0x00007ffb716b4000 	C:\WINDOWS\System32\USER32.dll
0x00007ffb6fdd0000 - 0x00007ffb6fdf1000 	C:\WINDOWS\System32\win32u.dll
0x00007ffb72650000 - 0x00007ffb72676000 	C:\WINDOWS\System32\GDI32.dll
0x00007ffb6ff40000 - 0x00007ffb700d4000 	C:\WINDOWS\System32\gdi32full.dll
0x00007ffb6fe80000 - 0x00007ffb6ff1e000 	C:\WINDOWS\System32\msvcp_win.dll
0x00007ffb70330000 - 0x00007ffb7042a000 	C:\WINDOWS\System32\ucrtbase.dll
0x00007ffb590f0000 - 0x00007ffb59375000 	C:\WINDOWS\WinSxS\amd64_microsoft.windows.common-controls_6595b64144ccf1df_6.0.18362.778_none_e6c6b761130d4fb8\COMCTL32.dll
0x00007ffb6ad20000 - 0x00007ffb6ad2a000 	C:\WINDOWS\SYSTEM32\VERSION.dll
0x00007ffb72260000 - 0x00007ffb72596000 	C:\WINDOWS\System32\combase.dll
0x00007ffb6fe00000 - 0x00007ffb6fe80000 	C:\WINDOWS\System32\bcryptPrimitives.dll
0x00007ffb71480000 - 0x00007ffb714ae000 	C:\WINDOWS\System32\IMM32.DLL
0x00007ffb68b50000 - 0x00007ffb68b66000 	C:\Program Files\Java\jdk-11.0.2\bin\vcruntime140.dll
0x00007ffb3e2e0000 - 0x00007ffb3e38a000 	C:\Program Files\Java\jdk-11.0.2\bin\msvcp140.dll
0x00007ffb0e1f0000 - 0x00007ffb0ed17000 	C:\Program Files\Java\jdk-11.0.2\bin\server\jvm.dll
0x00007ffb70bd0000 - 0x00007ffb70bd8000 	C:\WINDOWS\System32\PSAPI.DLL
0x00007ffb4d8b0000 - 0x00007ffb4d8b9000 	C:\WINDOWS\SYSTEM32\WSOCK32.dll
0x00007ffb66fb0000 - 0x00007ffb66fd4000 	C:\WINDOWS\SYSTEM32\WINMM.dll
0x00007ffb72090000 - 0x00007ffb720ff000 	C:\WINDOWS\System32\WS2_32.dll
0x00007ffb66f80000 - 0x00007ffb66fad000 	C:\WINDOWS\SYSTEM32\winmmbase.dll
0x00007ffb702e0000 - 0x00007ffb7032a000 	C:\WINDOWS\System32\cfgmgr32.dll
0x00007ffb6f600000 - 0x00007ffb6f611000 	C:\WINDOWS\System32\kernel.appcore.dll
0x00007ffb68d70000 - 0x00007ffb68d81000 	C:\Program Files\Java\jdk-11.0.2\bin\verify.dll
0x00007ffb6a240000 - 0x00007ffb6a434000 	C:\WINDOWS\SYSTEM32\DBGHELP.DLL
0x00007ffb6a0b0000 - 0x00007ffb6a0da000 	C:\WINDOWS\SYSTEM32\dbgcore.DLL
0x00007ffb4cde0000 - 0x00007ffb4ce09000 	C:\Program Files\Java\jdk-11.0.2\bin\java.dll
0x00007ffb62450000 - 0x00007ffb62466000 	C:\Program Files\Java\jdk-11.0.2\bin\zip.dll
0x00007ffb687f0000 - 0x00007ffb687fa000 	C:\Program Files\Java\jdk-11.0.2\bin\jimage.dll
0x00007ffb71820000 - 0x00007ffb71f05000 	C:\WINDOWS\System32\SHELL32.dll
0x00007ffb71330000 - 0x00007ffb713d9000 	C:\WINDOWS\System32\shcore.dll
0x00007ffb6f650000 - 0x00007ffb6fdd0000 	C:\WINDOWS\System32\windows.storage.dll
0x00007ffb6f620000 - 0x00007ffb6f643000 	C:\WINDOWS\System32\profapi.dll
0x00007ffb6f5b0000 - 0x00007ffb6f5fa000 	C:\WINDOWS\System32\powrprof.dll
0x00007ffb6f580000 - 0x00007ffb6f590000 	C:\WINDOWS\System32\UMPDC.dll
0x00007ffb70b10000 - 0x00007ffb70b62000 	C:\WINDOWS\System32\shlwapi.dll
0x00007ffb6ff20000 - 0x00007ffb6ff37000 	C:\WINDOWS\System32\cryptsp.dll
0x00007ffb53e20000 - 0x00007ffb53e39000 	C:\Program Files\Java\jdk-11.0.2\bin\net.dll
0x00007ffb6afd0000 - 0x00007ffb6b0c0000 	C:\WINDOWS\SYSTEM32\WINHTTP.dll
0x00007ffb67360000 - 0x00007ffb67535000 	C:\WINDOWS\SYSTEM32\urlmon.dll
0x00007ffb670b0000 - 0x00007ffb67356000 	C:\WINDOWS\SYSTEM32\iertutil.dll
0x00007ffb6efc0000 - 0x00007ffb6efcc000 	C:\WINDOWS\SYSTEM32\CRYPTBASE.DLL
0x00007ffb6edf0000 - 0x00007ffb6ee57000 	C:\WINDOWS\system32\mswsock.dll
0x00007ffb53930000 - 0x00007ffb53943000 	C:\Program Files\Java\jdk-11.0.2\bin\nio.dll
0x00007ffb3d610000 - 0x00007ffb3d7af000 	C:\Program Files\Java\jdk-11.0.2\bin\awt.dll
0x00007ffb72190000 - 0x00007ffb72254000 	C:\WINDOWS\System32\OLEAUT32.dll
0x00007ffb6c340000 - 0x00007ffb6c900000 	C:\WINDOWS\SYSTEM32\d2d1.dll
0x00007ffb6d720000 - 0x00007ffb6d7af000 	C:\WINDOWS\SYSTEM32\apphelp.dll
0x00007ffb6dd20000 - 0x00007ffb6dd4d000 	C:\WINDOWS\system32\DWMAPI.DLL
0x00007ffb6d900000 - 0x00007ffb6d999000 	C:\WINDOWS\system32\uxtheme.dll
0x00007ffb3d4b0000 - 0x00007ffb3d606000 	C:\WINDOWS\system32\opengl32.dll
0x00007ffb54560000 - 0x00007ffb5458c000 	C:\WINDOWS\SYSTEM32\GLU32.dll
0x00007ffb6e1f0000 - 0x00007ffb6e210000 	C:\WINDOWS\SYSTEM32\dxcore.dll
0x00007ffb70920000 - 0x00007ffb70a56000 	C:\WINDOWS\System32\MSCTF.dll
0x00007ffb716c0000 - 0x00007ffb71817000 	C:\WINDOWS\System32\ole32.dll
0x00007ffb4f070000 - 0x00007ffb4f237000 	C:\WINDOWS\system32\d3d9.dll
0x00007ffb64f00000 - 0x00007ffb64fef000 	C:\WINDOWS\System32\DriverStore\FileRepository\nv_dispi.inf_amd64_77e6900053c33f6f\nvldumdx.dll
0x00007ffb70190000 - 0x00007ffb702d9000 	C:\WINDOWS\System32\crypt32.dll
0x00007ffb6f590000 - 0x00007ffb6f5a2000 	C:\WINDOWS\System32\MSASN1.dll
0x00007ffb70430000 - 0x00007ffb7048c000 	C:\WINDOWS\System32\WINTRUST.DLL
0x00007ffb71fd0000 - 0x00007ffb71fed000 	C:\WINDOWS\System32\imagehlp.dll
0x00007ffb6e960000 - 0x00007ffb6e993000 	C:\WINDOWS\system32\rsaenh.dll
0x00007ffb70740000 - 0x00007ffb70766000 	C:\WINDOWS\System32\bcrypt.dll
0x00007ffb17750000 - 0x00007ffb18c54000 	C:\WINDOWS\System32\DriverStore\FileRepository\nv_dispi.inf_amd64_77e6900053c33f6f\nvd3dumx.dll
0x00007ffb24420000 - 0x00007ffb246e4000 	C:\WINDOWS\system32\nvspcap64.dll
0x00007ffb6e5e0000 - 0x00007ffb6e611000 	C:\WINDOWS\SYSTEM32\ntmarta.dll
0x00007ffb6acf0000 - 0x00007ffb6ad1f000 	C:\WINDOWS\SYSTEM32\cryptnet.dll
0x00007ffb6e1a0000 - 0x00007ffb6e1c2000 	C:\WINDOWS\SYSTEM32\gpapi.dll
0x00007ffb4d290000 - 0x00007ffb4d310000 	C:\Program Files\Java\jdk-11.0.2\bin\freetype.dll
0x00007ffb47ed0000 - 0x00007ffb47f3f000 	C:\Program Files\Java\jdk-11.0.2\bin\fontmanager.dll
0x00007ffb61f80000 - 0x00007ffb6201e000 	C:\WINDOWS\System32\TextInputFramework.dll
0x00007ffb66980000 - 0x00007ffb66caa000 	C:\WINDOWS\System32\CoreUIComponents.dll
0x00007ffb6d510000 - 0x00007ffb6d5e4000 	C:\WINDOWS\System32\CoreMessaging.dll
0x00007ffb698b0000 - 0x00007ffb69a03000 	C:\WINDOWS\SYSTEM32\wintypes.dll

dbghelp: loaded successfully - version: 4.0.5 - missing functions: none
symbol engine: initialized successfully - sym options: 0x614 - pdb path: .;C:\Program Files\Java\jdk-11.0.2\bin;C:\WINDOWS\SYSTEM32;C:\WINDOWS\WinSxS\amd64_microsoft.windows.common-controls_6595b64144ccf1df_6.0.18362.778_none_e6c6b761130d4fb8;C:\Program Files\Java\jdk-11.0.2\bin\server;C:\WINDOWS\System32\DriverStore\FileRepository\nv_dispi.inf_amd64_77e6900053c33f6f

VM Arguments:
jvm_args: -Dfile.encoding=Cp1252 
java_command: engine.Game
java_class_path (initial): C:\Users\Saafan\Documents\Java\Projects\HS-M2\bin;C:\Users\Saafan\.p2\pool\plugins\org.junit.jupiter.api_5.4.0.v20190212-2109.jar;C:\Users\Saafan\.p2\pool\plugins\org.junit.jupiter.engine_5.4.0.v20190212-2109.jar;C:\Users\Saafan\.p2\pool\plugins\org.junit.jupiter.migrationsupport_5.4.0.v20190212-2109.jar;C:\Users\Saafan\.p2\pool\plugins\org.junit.jupiter.params_5.4.0.v20190212-2109.jar;C:\Users\Saafan\.p2\pool\plugins\org.junit.platform.commons_1.4.0.v20190212-2109.jar;C:\Users\Saafan\.p2\pool\plugins\org.junit.platform.engine_1.4.0.v20190212-2109.jar;C:\Users\Saafan\.p2\pool\plugins\org.junit.platform.launcher_1.4.0.v20190212-2109.jar;C:\Users\Saafan\.p2\pool\plugins\org.junit.platform.runner_1.4.0.v20190212-2109.jar;C:\Users\Saafan\.p2\pool\plugins\org.junit.platform.suite.api_1.4.0.v20190212-2109.jar;C:\Users\Saafan\.p2\pool\plugins\org.junit.vintage.engine_5.4.0.v20190212-2109.jar;C:\Users\Saafan\.p2\pool\plugins\org.opentest4j_1.1.1.v20190212-2109.jar;C:\Users\Saafan\.p2\pool\plugins\org.apiguardian_1.0.0.v20190212-2109.jar;C:\Users\Saafan\.p2\pool\plugins\org.junit_4.12.0.v201504281640\junit.jar;C:\Users\Saafan\.p2\pool\plugins\org.hamcrest.core_1.3.0.v20180420-1519.jar
Launcher Type: SUN_STANDARD

[Global flags]
     intx CICompilerCount                          = 12                                        {product} {ergonomic}
     uint ConcGCThreads                            = 3                                         {product} {ergonomic}
     uint G1ConcRefinementThreads                  = 13                                        {product} {ergonomic}
   size_t G1HeapRegionSize                         = 2097152                                   {product} {ergonomic}
    uintx GCDrainStackTargetSize                   = 64                                        {product} {ergonomic}
   size_t InitialHeapSize                          = 536870912                                 {product} {ergonomic}
   size_t MarkStackSize                            = 4194304                                   {product} {ergonomic}
   size_t MaxHeapSize                              = 8577351680                                {product} {ergonomic}
   size_t MaxNewSize                               = 5146411008                                {product} {ergonomic}
   size_t MinHeapDeltaBytes                        = 2097152                                   {product} {ergonomic}
    uintx NonNMethodCodeHeapSize                   = 7591728                                {pd product} {ergonomic}
    uintx NonProfiledCodeHeapSize                  = 122033256                              {pd product} {ergonomic}
    uintx ProfiledCodeHeapSize                     = 122033256                              {pd product} {ergonomic}
    uintx ReservedCodeCacheSize                    = 251658240                              {pd product} {ergonomic}
     bool SegmentedCodeCache                       = true                                      {product} {ergonomic}
     bool UseCompressedClassPointers               = true                                 {lp64_product} {ergonomic}
     bool UseCompressedOops                        = true                                 {lp64_product} {ergonomic}
     bool UseG1GC                                  = true                                      {product} {ergonomic}
     bool UseLargePagesIndividualAllocation        = false                                  {pd product} {ergonomic}

Logging:
Log output configuration:
 #0: stdout all=warning uptime,level,tags
 #1: stderr all=off uptime,level,tags

Environment Variables:
PATH=C:/Program Files/Java/jdk-11.0.2/bin/server;C:/Program Files/Java/jdk-11.0.2/bin;C:\Program Files (x86)\Common Files\Oracle\Java\javapath;C:\Windows\system32;C:\Windows;C:\Windows\System32\Wbem;C:\Windows\System32\WindowsPowerShell\v1.0\;C:\Windows\System32\OpenSSH\;C:\Program Files\dotnet\;C:\Program Files\NVIDIA Corporation\NVIDIA NvDLISR;C:\WINDOWS\system32;C:\WINDOWS;C:\WINDOWS\System32\Wbem;C:\WINDOWS\System32\WindowsPowerShell\v1.0\;C:\WINDOWS\System32\OpenSSH\;C:\Users\Undistracted-Konto\AppData\Local\Microsoft\WindowsApps;C:\adb;C:\Program Files (x86)\Windows Kits\8.1\Windows Performance Toolkit\;C:\Program Files\Common Files\Autodesk Shared\;C:\Program Files\MySQL\MySQL Enterprise Backup 3.12.1\;C:\Program Files (x86)\MySQL\MySQL Utilities\;C:\Program Files (x86)\MySQL\MySQL Utilities\Doctrine extensions for PHP\;C:\Program Files\Git\cmd;C:\Program Files (x86)\NVIDIA Corporation\PhysX\Common;C:\Program Files (x86)\Calibre2\;C:\MinGW\bin;C:\Program Files\MATLAB\R2017a\bin;C:\WINDOWS\system32;C:\WINDOWS;C:\WINDOWS\System32\Wbem;C:\WINDOWS\System32\WindowsPowerShell\v1.0\;C:\WINDOWS\System32\OpenSSH\;C:\Users\Saafan\AppData\Local\Microsoft\WindowsApps;C:\Users\baby_\AppData\Local\Programs\Microsoft VS Code\bin;C:\Users\Saafan\AppData\Local\atom\bin;C:\Users\Saafan\AppData\Local\Microsoft\WindowsApps;C:\Users\Saafan\AppData\Local\GitHubDesktop\bin;C:\WINDOWS\system32;
USERNAME=Saafan
OS=Windows_NT
PROCESSOR_IDENTIFIER=AMD64 Family 23 Model 1 Stepping 1, AuthenticAMD



---------------  S Y S T E M  ---------------

OS: Windows 10 , 64 bit Build 18362 (10.0.18362.778)

CPU:total 16 (initial active 16) (16 cores per cpu, 2 threads per core) family 23 model 1 stepping 1, cmov, cx8, fxsr, mmx, sse, sse2, sse3, ssse3, sse4.1, sse4.2, popcnt, avx, avx2, aes, clmul, mmxext, 3dnowpref, lzcnt, sse4a, ht, tsc, tscinvbit, tscinv, bmi1, bmi2, adx, sha, fma

Memory: 4k page, system-wide physical 32715M (19909M free)
TotalPageFile size 93702M (AvailPageFile size 0M)
current process WorkingSet (physical memory assigned to process): 37M, peak: 99M
current process commit charge ("private bytes"): 674M, peak: 683M

vm_info: Java HotSpot(TM) 64-Bit Server VM (11.0.2+9-LTS) for windows-amd64 JRE (11.0.2+9-LTS), built on Jan 18 2019 05:24:10 by "mach5one" with MS VC++ 15.5 (VS2017)

END.
